<?xml version="1.0" encoding="UTF-8"?>
<!-- Generated by org.testng.reporters.JUnitXMLReporter -->
<testsuite hostname="DESKTOP-SGOOT19" ignored="14" name="Default test" tests="1" failures="0" timestamp="15 Jun 2020 09:57:09 GMT" time="470.761" errors="0">
  <testcase name="TC_0009_dateChanging" time="447.915" classname="com.tripmasters.framework.testScript.BookingPageTestScript"/>
  <testcase name="TC_0001_bookingJourneyWithOutAirForTwoRoomsPAXDetails" time="0.0" classname="com.tripmasters.framework.testScript.BookingPageTestScript">
    <ignored/>
  </testcase> <!-- TC_0001_bookingJourneyWithOutAirForTwoRoomsPAXDetails -->
  <testcase name="TC_0007_bookingFlightAndHotelForSingleCitywithTopDealsValidation" time="0.0" classname="com.tripmasters.framework.testScript.BookingPageTestScript">
    <ignored/>
  </testcase> <!-- TC_0007_bookingFlightAndHotelForSingleCitywithTopDealsValidation -->
  <testcase name="TC_0002_bookingJourneyWithFlightAndTrain" time="0.0" classname="com.tripmasters.framework.testScript.BookingPageTestScript">
    <ignored/>
  </testcase> <!-- TC_0002_bookingJourneyWithFlightAndTrain -->
  <testcase name="TC_0019_withoutAirBookingForSingleCity" time="0.0" classname="com.tripmasters.framework.testScript.BookingPageTestScript">
    <ignored/>
  </testcase> <!-- TC_0019_withoutAirBookingForSingleCity -->
  <testcase name="TC_0004_FirstPackageoptionalongwithRemoveHotelFunc" time="0.0" classname="com.tripmasters.framework.testScript.BookingPageTestScript">
    <ignored/>
  </testcase> <!-- TC_0004_FirstPackageoptionalongwithRemoveHotelFunc -->
  <testcase name="TC_0008_bookingFlightAndHotelwithMultipleCitiesForEuropePage" time="0.0" classname="com.tripmasters.framework.testScript.BookingPageTestScript">
    <ignored/>
  </testcase> <!-- TC_0008_bookingFlightAndHotelwithMultipleCitiesForEuropePage -->
  <testcase name="TC_0018_bookingDetailswithPremiumEcomomy" time="0.0" classname="com.tripmasters.framework.testScript.BookingPageTestScript">
    <ignored/>
  </testcase> <!-- TC_0018_bookingDetailswithPremiumEcomomy -->
  <testcase name="TC_0005_FlightbookingjourneywithBuyYourOwnPackage" time="0.0" classname="com.tripmasters.framework.testScript.BookingPageTestScript">
    <ignored/>
  </testcase> <!-- TC_0005_FlightbookingjourneywithBuyYourOwnPackage -->
  <testcase name="TC_0020_withoutAirBookingForMultipleCity" time="0.0" classname="com.tripmasters.framework.testScript.BookingPageTestScript">
    <ignored/>
  </testcase> <!-- TC_0020_withoutAirBookingForMultipleCity -->
  <testcase name="TC_0003_bookingTwoRoomTwoAdult" time="0.0" classname="com.tripmasters.framework.testScript.BookingPageTestScript">
    <ignored/>
  </testcase> <!-- TC_0003_bookingTwoRoomTwoAdult -->
  <testcase name="TC_0017_validateTripSummarywithMultipleCitiesforAsianPacificPage" time="0.0" classname="com.tripmasters.framework.testScript.BookingPageTestScript">
    <ignored/>
  </testcase> <!-- TC_0017_validateTripSummarywithMultipleCitiesforAsianPacificPage -->
  <testcase name="TC_0006_bookingFlightsWithmultipleCitieswithHighLightsValidation" time="0.0" classname="com.tripmasters.framework.testScript.BookingPageTestScript">
    <ignored/>
  </testcase> <!-- TC_0006_bookingFlightsWithmultipleCitieswithHighLightsValidation -->
  <testcase name="TC_0021_FlightbookingJourneywithmultipleCities" time="0.0" classname="com.tripmasters.framework.testScript.BookingPageTestScript">
    <ignored/>
  </testcase> <!-- TC_0021_FlightbookingJourneywithmultipleCities -->
  <testcase name="TC_0014_verifySpotlightLink" time="0.0" classname="com.tripmasters.framework.testScript.BookingPageTestScript">
    <ignored/>
  </testcase> <!-- TC_0014_verifySpotlightLink -->
</testsuite> <!-- Default test -->
