<?xml version="1.0" encoding="UTF-8"?>
<!-- Generated by org.testng.reporters.JUnitXMLReporter -->
<testsuite hostname="LAPTOP-2MH85CIV" name="Test" tests="1" failures="1" timestamp="16 Jun 2020 06:05:58 GMT" time="3.701" errors="0">
  <testcase name="TC_0004_bookingFlightAndSingleRoomWithTwoAdults_FromFirstPackages" time="3.676" classname="com.tripmasters.framework.testScript.BookingPageTestScript">
    <failure type="java.lang.NullPointerException">
      <![CDATA[java.lang.NullPointerException
	at com.tripmasters.framework.Listeners.Retry.extendReportsFailOperations(Retry.java:54)
	at com.tripmasters.framework.Listeners.Retry.retry(Retry.java:26)
	at java.util.concurrent.ThreadPoolExecutor.runWorker(ThreadPoolExecutor.java:1149)
	at java.util.concurrent.ThreadPoolExecutor$Worker.run(ThreadPoolExecutor.java:624)
	at java.lang.Thread.run(Thread.java:748)
... Removed 6 stack frames]]>
    </failure>
  </testcase> <!-- TC_0004_bookingFlightAndSingleRoomWithTwoAdults_FromFirstPackages -->
</testsuite> <!-- Test -->
