<?xml version="1.0" encoding="UTF-8"?>
<testng-results skipped="0" failed="0" ignored="14" total="15" passed="1">
  <reporter-output>
  </reporter-output>
  <suite name="Default suite" duration-ms="470761" started-at="2020-06-15T09:49:18Z" finished-at="2020-06-15T09:57:09Z">
    <groups>
      <group name="smoke">
        <method signature="BookingPageTestScript.TC_0009_dateChanging(java.lang.reflect.Method)[pri:9, instance:com.tripmasters.framework.testScript.BookingPageTestScript@7bc1a03d]" name="TC_0009_dateChanging" class="com.tripmasters.framework.testScript.BookingPageTestScript"/>
      </group> <!-- smoke -->
    </groups>
    <test name="Default test" duration-ms="470761" started-at="2020-06-15T09:49:18Z" finished-at="2020-06-15T09:57:09Z">
      <class name="com.tripmasters.framework.testScript.BookingPageTestScript">
        <test-method status="PASS" signature="setUp()[pri:0, instance:com.tripmasters.framework.testScript.BookingPageTestScript@7bc1a03d]" name="setUp" is-config="true" duration-ms="22780" started-at="2020-06-15T09:49:19Z" finished-at="2020-06-15T09:49:41Z">
          <reporter-output>
          </reporter-output>
        </test-method> <!-- setUp -->
        <test-method status="PASS" signature="TC_0009_dateChanging(java.lang.reflect.Method)[pri:9, instance:com.tripmasters.framework.testScript.BookingPageTestScript@7bc1a03d]" name="TC_0009_dateChanging" duration-ms="447915" started-at="2020-06-15T09:49:41Z" finished-at="2020-06-15T09:57:09Z">
          <params>
            <param index="0">
              <value>
                <![CDATA[public void com.tripmasters.framework.testScript.BookingPageTestScript.TC_0009_dateChanging(java.lang.reflect.Method) throws java.lang.Exception]]>
              </value>
            </param>
          </params>
          <reporter-output>
          </reporter-output>
        </test-method> <!-- TC_0009_dateChanging -->
      </class> <!-- com.tripmasters.framework.testScript.BookingPageTestScript -->
    </test> <!-- Default test -->
  </suite> <!-- Default suite -->
</testng-results>
