<?xml version="1.0" encoding="UTF-8"?>
<testng-results skipped="0" failed="0" total="0" passed="0">
  <reporter-output>
  </reporter-output>
  <suite name="Suite" duration-ms="3701" started-at="2020-06-16T06:05:54Z" finished-at="2020-06-16T06:05:58Z">
    <groups>
      <group name="testdemo">
        <method signature="BookingPageTestScript.TC_0004_bookingFlightAndSingleRoomWithTwoAdults_FromFirstPackages(java.lang.reflect.Method)[pri:4, instance:com.tripmasters.framework.testScript.BookingPageTestScript@4fb64261]" name="TC_0004_bookingFlightAndSingleRoomWithTwoAdults_FromFirstPackages" class="com.tripmasters.framework.testScript.BookingPageTestScript"/>
      </group> <!-- testdemo -->
    </groups>
    <test name="Test" duration-ms="3701" started-at="2020-06-16T06:05:54Z" finished-at="2020-06-16T06:05:58Z">
      <class name="com.tripmasters.framework.testScript.BookingPageTestScript">
        <test-method status="PASS" signature="setUp()[pri:0, instance:com.tripmasters.framework.testScript.BookingPageTestScript@4fb64261]" name="setUp" is-config="true" duration-ms="3238" started-at="2020-06-16T11:35:54Z" finished-at="2020-06-16T11:35:57Z">
          <reporter-output>
          </reporter-output>
        </test-method> <!-- setUp -->
      </class> <!-- com.tripmasters.framework.testScript.BookingPageTestScript -->
    </test> <!-- Test -->
  </suite> <!-- Suite -->
</testng-results>
